<?xml version="1.0" encoding="UTF-8"?>
<!-- Generated by org.testng.reporters.JUnitXMLReporter -->
<testsuite ignored="0" hostname="LAPTOP-3KU8C3QS" failures="0" tests="3" name="Default test" time="7.439" errors="0" timestamp="2022-02-20T18:21:09 EST">
  <testcase classname="com.SalesForceLoginTest.NegativeLoginTest" name="userNameButton" time="0.135"/>
  <testcase classname="com.SalesForceLoginTest.NegativeLoginTest" name="passwordButton" time="0.069"/>
  <testcase classname="com.SalesForceLoginTest.NegativeLoginTest" name="signinButton" time="0.127"/>
</testsuite> <!-- Default test -->
