<?xml version="1.0" encoding="UTF-8"?>
<testng-results ignored="0" total="3" passed="3" failed="0" skipped="0">
  <reporter-output>
  </reporter-output>
  <suite started-at="2022-02-20T18:21:01 EST" name="Default suite" finished-at="2022-02-20T18:21:09 EST" duration-ms="7439">
    <groups>
    </groups>
    <test started-at="2022-02-20T18:21:01 EST" name="Default test" finished-at="2022-02-20T18:21:09 EST" duration-ms="7439">
      <class name="com.SalesForceLoginTest.NegativeLoginTest">
        <test-method is-config="true" signature="openApp()[pri:0, instance:com.SalesForceLoginTest.NegativeLoginTest@48e4374]" started-at="2022-02-20T18:21:01 EST" name="openApp" finished-at="2022-02-20T18:21:04 EST" duration-ms="2819" status="PASS">
          <reporter-output>
          </reporter-output>
        </test-method> <!-- openApp -->
        <test-method signature="userNameButton()[pri:0, instance:com.SalesForceLoginTest.NegativeLoginTest@48e4374]" started-at="2022-02-20T18:21:04 EST" name="userNameButton" finished-at="2022-02-20T18:21:04 EST" duration-ms="135" status="PASS">
          <reporter-output>
          </reporter-output>
        </test-method> <!-- userNameButton -->
        <test-method is-config="true" signature="openApp()[pri:0, instance:com.SalesForceLoginTest.NegativeLoginTest@48e4374]" started-at="2022-02-20T18:21:04 EST" name="openApp" finished-at="2022-02-20T18:21:04 EST" duration-ms="1" status="PASS">
          <reporter-output>
          </reporter-output>
        </test-method> <!-- openApp -->
        <test-method signature="passwordButton()[pri:1, instance:com.SalesForceLoginTest.NegativeLoginTest@48e4374]" started-at="2022-02-20T18:21:04 EST" name="passwordButton" finished-at="2022-02-20T18:21:04 EST" duration-ms="69" status="PASS">
          <reporter-output>
          </reporter-output>
        </test-method> <!-- passwordButton -->
        <test-method is-config="true" signature="openApp()[pri:0, instance:com.SalesForceLoginTest.NegativeLoginTest@48e4374]" started-at="2022-02-20T18:21:04 EST" name="openApp" finished-at="2022-02-20T18:21:04 EST" duration-ms="0" status="PASS">
          <reporter-output>
          </reporter-output>
        </test-method> <!-- openApp -->
        <test-method signature="signinButton()[pri:2, instance:com.SalesForceLoginTest.NegativeLoginTest@48e4374]" started-at="2022-02-20T18:21:04 EST" name="signinButton" finished-at="2022-02-20T18:21:04 EST" duration-ms="127" status="PASS">
          <reporter-output>
          </reporter-output>
        </test-method> <!-- signinButton -->
        <test-method is-config="true" signature="teardownTests()[pri:0, instance:com.SalesForceLoginTest.NegativeLoginTest@48e4374]" started-at="2022-02-20T18:21:04 EST" name="teardownTests" finished-at="2022-02-20T18:21:09 EST" duration-ms="4234" status="PASS">
          <reporter-output>
          </reporter-output>
        </test-method> <!-- teardownTests -->
      </class> <!-- com.SalesForceLoginTest.NegativeLoginTest -->
    </test> <!-- Default test -->
  </suite> <!-- Default suite -->
</testng-results>
